

         FOREST VEGETATION SIMULATOR     VERSION 2614 -- INLAND EMPIRE EXPANDED                 RV:20190307    10-20-2021  13:10:03

----------------------------------------------------------------------------------------------------------------------------------

                                                OPTIONS SELECTED BY INPUT

KEYWORD FILE NAME: arc_fvs.key
----------------------------------------------------------------------------------------------------------------------------------
KEYWORD    PARAMETERS:
--------   -----------------------------------------------------------------------------------------------------------------------

COMMENT 
           FVS Keyword file generated by ArcFVS

END 

STDIDENT
           STAND ID= 0515523360148                     Stand 0515523360148                                                     

SCREEN     SUMMARY TABLE WILL BE PRINTED TO DATA SET REFERENCE NUMBER     6 AS RUN PROGRESSES.

STANDCN    DATA BASE CONTROL NUMBER=0515523360148

INVYEAR    INVENTORY YEAR=    0

TIMEINT    ALL CYCLES;  PERIOD LENGTH=  1

NUMCYCLE   NUMBER OF CYCLES=  2

DATABASE   DATABASE KEYWORDS:

DSNOUT     DSN FOR OUTPUT CONNECTION IS F:\Projects2\USFS-052_PSW_Forest_Treatment_Planner_2019_mike_gough\Tasks\FVS_Arc_4_Box_model\Tools\Treatment_Planner_BETA1\Data\Outputs\arc_fvs_out.mdb
           ODBC CONNECT STRING: DRIVER={Microsoft Access Driver (*.mdb, *.accdb)};DBQ=F:\Projects2\USFS-052_PSW_Forest_Treatment_Planner_2019_mike_gough\Tasks\FVS_Arc_4_Box_model\Tools\Treatment_Planner_BETA1\Data\Outputs\arc_fvs_out.mdb;UID=;PWD=
           CONNECTION DATA BASE TYPE:ACCESS

SUMMARY    SUMMARY STATISTICS SENT TO SPECIFIED DATABASE.

END        END OF DATA BASE OPTIONS.

DATABASE   DATABASE KEYWORDS:

DSNIN      DSN FOR INPUT CONNECTION IS F:\Projects2\USFS-052_PSW_Forest_Treatment_Planner_2019_mike_gough\Tasks\FVS_Arc_4_Box_model\Tools\Treatment_Planner_BETA1\Data\Inputs\FVS_Databases\ShaverLake.accdb
           ODBC CONNECT STRING: DRIVER={Microsoft Access Driver (*.mdb, *.accdb)};DBQ=F:\Projects2\USFS-052_PSW_Forest_Treatment_Planner_2019_mike_gough\Tasks\FVS_Arc_4_Box_model\Tools\Treatment_Planner_BETA1\Data\Inputs\FVS_Databases\ShaverLake.accdb;UID=;PWD=
           CONNECTION DATA BASE TYPE:ACCESS

STANDSQL   STANDSQL COMMAND FOR INPUT CONNECTION: F:\Projects2\USFS-052_PSW_Forest_Treatment_Planner_2019_mike_gough\Tasks\FVS_Arc_4_Box_model\Tools\Treatment_Planner_BETA1\Data\Inputs\FVS_Databases\ShaverLake.accdb
           SELECT *
           FROM FVS_StandInit
           WHERE Stand_ID = '%StandID%'

           STAND-LEVEL DATA BASE READ:
           INV_YEAR:               2017
           REGION:                    5
           FOREST:                   15
           DISTRICT:                 52
            COMPOSITE LOC:          515

********   FVS03 WARNING:  FOREST CODE INDICATES THE GEOGRAPHIC LOCATION IS OUTSIDE THE RANGE OF THE MODEL.  DEFAULT CODE IS USED.
           FOREST CODE USED FOR THIS PROJECTION IS 118
           ASPECT:                135.0
           SLOPE:                 41.00
           ELEVFT:               5270.0 CONVERTED TO:   52.7
           BASAL_AREA_FACTOR:       0.0
           INV_PLOT_SIZE:            1.
           BRK_DBH:               999.0
           NUM_PLOTS:                 1
           NONSTK_PLOTS:              0
           SAM_WT:           218.979996
           STK_PCNT:              1.000
           DG_TRANS:                  0
           DG_MEASURE:               10
           HTG_TRANS:                 0
           HTG_MEASURE:               5
           MORT_MEASURE:              5
           STATE:                     6
           COUNTY:                   19
           PHOTO_REF:                 8 = Maxwell and Ward PNW-105                
           PHOTO_CODE:        1PP&ASSOC3 CONVERTED TO CODE:   50
           END OF DATA BASE READ.

TREESQL    TREESQL COMMAND FOR INPUT CONNECTION: F:\Projects2\USFS-052_PSW_Forest_Treatment_Planner_2019_mike_gough\Tasks\FVS_Arc_4_Box_model\Tools\Treatment_Planner_BETA1\Data\Inputs\FVS_Databases\ShaverLake.accdb
           SELECT *
           FROM FVS_TreeInit
           WHERE Stand_ID = '%StandID%'

           COLUMN PROCESSING RESULTS:
           STAND_CN        WAS IGNORED
           STAND_ID        WAS IGNORED
           PLOT_CN         WAS IGNORED
           PLOT_ID         WAS BOUND
           STANDPLOT_CN    WAS IGNORED
           STANDPLOT_ID    WAS IGNORED
           TREE_CN         WAS IGNORED
           TREE_ID         WAS BOUND
           TAG_ID          WAS IGNORED
           SITE_TREE_FLAG  WAS IGNORED
           TREE_COUNT      WAS BOUND
           HISTORY         WAS BOUND
           SPECIES         WAS BOUND
           DIAMETER        WAS BOUND
           DIAMETER_HT     WAS IGNORED
           DG              WAS BOUND
           HT              WAS BOUND
           HTG             WAS BOUND
           HTTOPK          WAS BOUND
           HT_TO_LIVE_CROW WAS IGNORED
           CRCLASS         WAS IGNORED
           CRRATIO         WAS BOUND
           DAMAGE1         WAS BOUND
           SEVERITY1       WAS BOUND
           DAMAGE2         WAS BOUND
           SEVERITY2       WAS BOUND
           DAMAGE3         WAS BOUND
           SEVERITY3       WAS BOUND
           DEFECT_CUBIC    WAS IGNORED
           DEFECT_BOARD    WAS IGNORED
           TREEVALUE       WAS BOUND
           PRESCRIPTION    WAS BOUND
           AGE             WAS BOUND
           SLOPE           WAS BOUND
           ASPECT          WAS BOUND
           PV_CODE         WAS BOUND
           PV_REF_CODE     WAS IGNORED
           TOPOCODE        WAS BOUND
           SITEPREP        WAS BOUND


           NOTE: INPUT SPECIES CODE (PILA    )WAS SET TO (OS  ) FOR THIS PROJECTION.
           NOTE: INPUT SPECIES CODE (CADE27  )WAS SET TO (OS  ) FOR THIS PROJECTION.
           NOTE: INPUT SPECIES CODE (QUCH2   )WAS SET TO (OH  ) FOR THIS PROJECTION.
           NOTE: INPUT SPECIES CODE (QUKE    )WAS SET TO (OH  ) FOR THIS PROJECTION.
           NOTE: INPUT SPECIES CODE (ABCO    )WAS SET TO (GF  ) FOR THIS PROJECTION.
           NUMBER ROWS PROCESSED:    9

END        END OF DATA BASE OPTIONS.


            

SPLABEL    STAND POLICY LABEL SET:
           All, Lake_Gillette, Wildland-Urban-Interface

PROCESS    PROCESS THE STAND.
----------------------------------------------------------------------------------------------------------------------------------

                                                OPTIONS SELECTED BY DEFAULT

----------------------------------------------------------------------------------------------------------------------------------

TREEFMT    (I4,T1,I7,F6.0,I1,A3,F4.1,F3.1,2F3.0,F4.1,I1,3(I2,I2),2I1,I2,2I3,2I1,F3.0)      
                                                                                           

DESIGN     BASAL AREA FACTOR=    0.0; INVERSE OF FIXED PLOT AREA=    1.0; BREAK DBH=  999.0
           NUMBER OF PLOTS=     1; NON-STOCKABLE PLOTS=     0; STAND SAMPLING WEIGHT=   218.98000
           PROPORTION OF STAND CONSIDERED STOCKABLE=  1.000

********   FVS14 WARNING:  HABITAT/PLANT ASSOCIATION/ECOREGION CODE WAS NOT RECOGNIZED; HABITAT/PLANT ASSOCIATION/ECOREGION SET TO DEFAULT CODE.

           HABITAT TYPE WILL BE MAPPED TO 260 FOR THIS PROJECTION.

STDINFO    FOREST-LOCATION CODE=     118; HABITAT TYPE=260; AGE=    0; ASPECT AZIMUTH IN DEGREES= 135.; SLOPE=  41.%
           ELEVATION(100'S FEET)= 52.7;  REFERENCE CODE=     

SPECIES      WP      WL      DF      GF      WH      RC      LP      ES      AF      PP
SDI MAX     669.    669.    669.    669.    669.    669.    669.    669.    669.    669.

SPECIES      MH      WB      LM      LL      PI      RM      PY      AS      CO      MM
SDI MAX     669.    669.    669.    669.    669.    669.    669.    669.    669.    669.

SPECIES      PB      OH      OS
SDI MAX     669.    669.    669.

           ALPHA SPECIES - FIA CODE CROSS REFERENCE:
            WP=  119 ;  WL=  073 ;  DF=  202 ;  GF=  017 ;  WH=  263 ;  RC=  242 ;  LP=  108 ;  ES=  093 ; AF=  019 
            PP=  122 ;  MH=  264 ;  WB=  101 ;  LM=  113 ;  LL=  072 ;  PI=  106 ;  RM=  066 ;  PY=  231 ; AS=  746 
            CO=  740 ;  MM=  321 ;  PB=  375 ;  OH=  998 ;  OS=  298 

                                  NATIONAL VOLUME ESTIMATOR LIBRARY EQUATION NUMBERS
SPECIES CUBIC FOOT BOARD FOOT SPECIES CUBIC FOOT BOARD FOOT SPECIES CUBIC FOOT BOARD FOOT SPECIES CUBIC FOOT BOARD FOOT 
------- ---------- ---------- ------- ---------- ---------- ------- ---------- ---------- ------- ---------- ---------- 
  WP    I00FW2W119 I00FW2W119   WL    I00FW2W073 I00FW2W073   DF    I00FW2W202 I00FW2W202   GF    I00FW2W017 I00FW2W017
  WH    I00FW2W260 I00FW2W260   RC    I00FW2W242 I00FW2W242   LP    I00FW2W108 I00FW2W108   ES    I00FW2W093 I00FW2W093
  AF    I00FW2W019 I00FW2W019   PP    I00FW2W122 I00FW2W122   MH    I00FW2W260 I00FW2W260   WB    I00FW2W012 I00FW2W012
  LM    I00FW2W073 I00FW2W073   LL    I00FW2W019 I00FW2W019   PI    102DVEW106 102DVEW106   RM    102DVEW106 102DVEW106
  PY    616BEHW231 616BEHW231   AS    102DVEW746 102DVEW746   CO    102DVEW740 102DVEW740   MM    200DVEW746 200DVEW746
  PB    101DVEW375 101DVEW375   OH    200DVEW746 200DVEW746   OS    I00FW2W260 I00FW2W260

SITECODE   SITE INDEX INFORMATION:
            WP=    0.;  WL=    0.;  DF=    0.;  GF=    0.;  WH=    0.;  RC=    0.;  LP=    0.;  ES=    0.; AF=    0.
            PP=    0.;  MH=    0.;  WB=    0.;  LM=   35.;  LL=    0.;  PI=   12.;  RM=   10.;  PY=   35.; AS=   50.
            CO=   62.;  MM=   50.;  PB=   50.;  OH=   62.;  OS=    0.
           SITE SPECIES=DF CODE=    3

INVENTORY POINT CROSS REFERENCE (FVS SEQUENTIAL POINT NUMBER = POINT NUMBER AS ENTERED IN THE INPUT DATA):
  1=       1
----------------------------------------------------------------------------------------------------------------------------------


                                                     ACTIVITY SCHEDULE

STAND ID= 0515523360148                 MGMT ID= NONE    Stand 0515523360148                                                     

----------------------------------------------------------------------------------------------------------------------------------

CYCLE  DATE  EXTENSION  KEYWORD   DATE  PARAMETERS:
-----  ----  ---------  --------  ----  ------------------------------------------------------------------------------------------

   1   2017
               FIRE     FUELFOTO  2017       8.0000    50.0000

   2   2018
----------------------------------------------------------------------------------------------------------------------------------


CALIBRATION STATISTICS:


                                                 OS    OH    PP    GF
                                                ----  ----  ----  ----

NUMBER OF RECORDS PER SPECIES                      3     4     1     1

NUMBER OF RECORDS CODED AS RECENT MORTALITY        1     0     1     0

***** NOTE:  SPECIES HAVE BEEN DROPPED.
                                                 OS    OH    GF
                                                ----  ----  ----

NUMBER OF RECORDS WITH MISSING HEIGHTS             0     0     0

NUMBER OF RECORDS WITH BROKEN OR DEAD TOPS         0     0     0

NUMBER OF RECORDS WITH MISSING CROWN RATIOS        0     2     1

NUMBER OF RECORDS AVAILABLE FOR SCALING
THE DIAMETER INCREMENT MODEL                       0     0     0

RATIO OF STANDARD ERRORS
(INPUT DBH GROWTH DATA : MODEL)                 1.00  1.00  1.00

WEIGHT GIVEN TO THE INPUT GROWTH DATA WHEN
DBH GROWTH MODEL SCALE FACTORS WERE COMPUTED    0.00  0.00  0.00

INITIAL SCALE FACTORS FOR THE
DBH INCREMENT MODEL                             1.00  1.00  1.00

NUMBER OF RECORDS AVAILABLE FOR SCALING
THE SMALL TREE HEIGHT INCREMENT MODEL             0     0     0

INITIAL SCALE FACTORS FOR THE SMALL TREE
HEIGHT INCREMENT MODEL                          1.00  1.00  1.00

NUMBER OF RECORDS WITH MISTLETOE                   0     0     0


         FOREST VEGETATION SIMULATOR     VERSION 2614 -- INLAND EMPIRE EXPANDED                 RV:20190307    10-20-2021  13:10:04

STAND ID: 0515523360148                 MGMT ID: NONE    Stand 0515523360148


                                        STAND COMPOSITION (BASED ON STOCKABLE AREA)
--------------------------------------------------------------------------------------------------------------------------
                            PERCENTILE POINTS IN THE
                     DISTRIBUTION OF STAND ATTRIBUTES BY DBH      TOTAL/ACRE
        STAND       -----------------------------------------      OF STAND         DISTRIBUTION OF STAND ATTRIBUTES BY
YEAR  ATTRIBUTES      10     30     50     70     90    100       ATTRIBUTES       SPECIES AND 3 USER-DEFINED SUBCLASSES
----  -----------   ------ ------ ------ ------ ------ ------   --------------  ------------------------------------------
                                 (DBH IN INCHES)



2017  TREES           0.1    0.1    0.1    0.1    0.1    25.2    2422. TREES     50.% OH1,  50.% GF1,   0.% OS1,   0.% ---
      VOLUME:  
        TOTAL        15.0   25.2   25.2   25.2   25.2    25.2     770. CUFT      74.% OS1,  26.% OH1,   0.% ---,   0.% ---
        MERCH        15.0   25.2   25.2   25.2   25.2    25.2     718. CUFT      74.% OS1,  26.% OH1,   0.% ---,   0.% ---
        MERCH        15.0   25.2   25.2   25.2   25.2    25.2    3778. BDFT      81.% OS1,  19.% OH1,   0.% ---,   0.% ---


      ACCRETION      15.0   15.0   25.2   25.2   25.2    25.2      19. CUFT/YR   66.% OS1,  34.% OH1,   0.% ---,   0.% ---
      MORTALITY      15.0   25.2   25.2   25.2   25.2    25.2       0. CUFT/YR   82.% OS1,  18.% OH1,   0.% ---,   0.% ---



2018  TREES           0.1    0.1    0.1    0.1    0.1    25.4    2337. TREES     51.% OH1,  49.% GF1,   0.% OS1,   0.% ---
      VOLUME:  
        TOTAL        15.1   25.4   25.4   25.4   25.4    25.4     789. CUFT      73.% OS1,  27.% OH1,   0.% ---,   0.% ---
        MERCH        15.1   25.4   25.4   25.4   25.4    25.4     727. CUFT      73.% OS1,  27.% OH1,   0.% ---,   0.% ---
        MERCH        15.1   25.4   25.4   25.4   25.4    25.4    3809. BDFT      80.% OS1,  20.% OH1,   0.% ---,   0.% ---


      ACCRETION      15.1   15.1   25.4   25.4   25.4    25.4      21. CUFT/YR   62.% OS1,  38.% OH1,   0.% ---,   0.% ---
      MORTALITY      15.1   25.4   25.4   25.4   25.4    25.4       0. CUFT/YR   82.% OS1,  18.% OH1,   0.% ---,   0.% ---



2019  TREES           0.1    0.1    0.1    0.1    0.1    25.6    2254. TREES     51.% OH1,  49.% GF1,   0.% OS1,   0.% ---
      VOLUME:  
        TOTAL        15.2   25.6   25.6   25.6   25.6    25.6     810. CUFT      73.% OS1,  27.% OH1,   0.% ---,   0.% ---
        MERCH        15.2   25.6   25.6   25.6   25.6    25.6     737. CUFT      73.% OS1,  27.% OH1,   0.% ---,   0.% ---
        MERCH        15.2   25.6   25.6   25.6   25.6    25.6    3784. BDFT      79.% OS1,  21.% OH1,   0.% ---,   0.% ---


         FOREST VEGETATION SIMULATOR     VERSION 2614 -- INLAND EMPIRE EXPANDED                 RV:20190307    10-20-2021  13:10:04

STAND ID: 0515523360148                 MGMT ID: NONE    Stand 0515523360148


------------------------------------------------------------------------------------------------------------------------------
                     ATTRIBUTES OF SELECTED SAMPLE TREES                 ADDITIONAL STAND ATTRIBUTES (BASED ON STOCKABLE AREA)
      -----------------------------------------------------------------  -----------------------------------------------------
      INITIAL                           LIVE   PAST DBH  BASAL   TREES          QUADRATIC   TREES    BASAL  TOP HEIGHT  CROWN
      TREES/A            DBH    HEIGHT  CROWN   GROWTH   AREA     PER    STAND   MEAN DBH    PER     AREA     LARGEST   COMP
YEAR   %TILE  SPECIES (INCHES)  (FEET)  RATIO  (INCHES)  %TILE    ACRE   AGE     (INCHES)    ACRE   (SQFT/A) 40/A (FT)  FACTOR
----  ------- ------- -------- -------- ------ --------- ------- ------  -----  ---------   ------ --------- --------- -------

2017                                          ( 10 YRS)

        10     OH1       0.10     1.00    95     0.00      0.0  300.00
        30     OH1       0.10     1.00    95     0.00      0.2  900.00
        50     GF1       0.10     1.00    77     0.00      0.3 1200.00
        70     GF1       0.10     1.00    77     0.00      0.3 1200.00
        90     GF1       0.10     1.00    77     0.00      0.3 1200.00
       100     OS1      25.20    66.00    75     1.70    100.0    5.77
                                                                           0       1.7     2422.      40.       20.2     37.2

2018                                          (  1 YRS)

        10     OH1       0.10     1.75    95     0.00      0.0  291.22
        30     OH1       0.10     1.84    95     0.00      0.1  873.65
        50     GF1       0.10     1.18    77     0.00      0.3 1149.62
        70     GF1       0.10     1.18    77     0.00      0.3 1149.62
        90     GF1       0.10     1.18    77     0.00      0.3 1149.62
       100     OS1      25.39    66.61    74     0.18     87.5    5.77
                                                                           1       1.8     2337.      41.       20.8     36.7

2019                                          (  1 YRS)

        10     OH1       0.10     2.37    95     0.00      0.0  282.67
        30     OH1       0.10     2.47    95     0.00      0.1  848.00
        50     GF1       0.10     1.56    77     0.00      0.2 1101.13
        70     GF1       0.10     1.56    77     0.00      0.2 1101.13
        90     GF1       0.10     1.56    77     0.00      0.2 1101.13
       100     OS1      25.58    67.20    74     0.18     79.9    5.77
                                                                           2       1.8     2254.      41.       21.4     37.1


         FOREST VEGETATION SIMULATOR     VERSION 2614 -- INLAND EMPIRE EXPANDED                 RV:20190307    10-20-2021  13:10:04

STAND POLICIES:   All, Lake_Gillette, Wildland-Urban-Interface

STAND ID: 0515523360148                 MGMT ID: NONE    Stand 0515523360148



                                SUMMARY STATISTICS (PER ACRE OR STAND BASED ON TOTAL STAND AREA)
--------------------------------------------------------------------------------------------------------------------------------------
               START OF SIMULATION PERIOD                     REMOVALS             AFTER TREATMENT    GROWTH THIS PERIOD
         --------------------------------------------- ----------------------- ---------------------  ------------------   MAI  ------
         NO OF              TOP      TOTAL MERCH MERCH NO OF TOTAL MERCH MERCH              TOP  RES  PERIOD ACCRE MORT   MERCH FOR SS
YEAR AGE TREES  BA  SDI CCF HT  QMD  CU FT CU FT BD FT TREES CU FT CU FT BD FT  BA  SDI CCF HT   QMD  YEARS   PER  YEAR   CU FT TYP ZT
---- --- ----- --- ---- --- --- ---- ----- ----- ----- ----- ----- ----- ----- --- ---- --- --- ----  ------ ---- -----   ----- ------
2017   0  2422  40  147  37  20  1.7   770   718  3778     0     0     0     0  40  147  37  20  1.7       1   19     0     0.0 997 14
2018   1  2337  41  147  37  21  1.8   789   727  3809     0     0     0     0  41  147  37  21  1.8       1   21     0     0.0 997 14
2019   2  2254  41  148  37  21  1.8   810   737  3784     0     0     0     0  41  148  37  21  1.8       0    0     0     0.0 997 14




                                                     ACTIVITY SUMMARY 

STAND ID= 0515523360148                 MGMT ID= NONE    Stand 0515523360148                                                     

----------------------------------------------------------------------------------------------------------------------------------

CYCLE  DATE  EXTENSION  KEYWORD   DATE  ACTIVITY DISPOSITION  PARAMETERS:
-----  ----  ---------  --------  ----  --------------------  --------------------------------------------------------------------

   1   2017
               FIRE     FUELFOTO  2017  NOT DONE                   8.0000    50.0000

   2   2018
----------------------------------------------------------------------------------------------------------------------------------
